Determining if the pthread_create exist failed with the following output:
Change Dir: /home/primoz/faks/vspa/vaje/vaje2/cmake-build-debug/CMakeFiles/CMakeTmp

Run Build Command:"/usr/bin/make" "cmTC_6fa83/fast"
/usr/bin/make -f CMakeFiles/cmTC_6fa83.dir/build.make CMakeFiles/cmTC_6fa83.dir/build
make[1]: Entering directory '/home/primoz/faks/vspa/vaje/vaje2/cmake-build-debug/CMakeFiles/CMakeTmp'
Building C object CMakeFiles/cmTC_6fa83.dir/CheckSymbolExists.c.o
/usr/bin/cc   -std=gnu99 -o CMakeFiles/cmTC_6fa83.dir/CheckSymbolExists.c.o   -c /home/primoz/faks/vspa/vaje/vaje2/cmake-build-debug/CMakeFiles/CMakeTmp/CheckSymbolExists.c
Linking C executable cmTC_6fa83
/home/primoz/Downloads/CLion-2017.2.3/clion-2017.2.3/bin/cmake/bin/cmake -E cmake_link_script CMakeFiles/cmTC_6fa83.dir/link.txt --verbose=1
/usr/bin/cc      CMakeFiles/cmTC_6fa83.dir/CheckSymbolExists.c.o  -o cmTC_6fa83 
CMakeFiles/cmTC_6fa83.dir/CheckSymbolExists.c.o: In function `main':
CheckSymbolExists.c:(.text+0x1b): undefined reference to `pthread_create'
collect2: error: ld returned 1 exit status
CMakeFiles/cmTC_6fa83.dir/build.make:97: recipe for target 'cmTC_6fa83' failed
make[1]: *** [cmTC_6fa83] Error 1
make[1]: Leaving directory '/home/primoz/faks/vspa/vaje/vaje2/cmake-build-debug/CMakeFiles/CMakeTmp'
Makefile:126: recipe for target 'cmTC_6fa83/fast' failed
make: *** [cmTC_6fa83/fast] Error 2

File /home/primoz/faks/vspa/vaje/vaje2/cmake-build-debug/CMakeFiles/CMakeTmp/CheckSymbolExists.c:
/* */
#include <pthread.h>

int main(int argc, char** argv)
{
  (void)argv;
#ifndef pthread_create
  return ((int*)(&pthread_create))[argc];
#else
  (void)argc;
  return 0;
#endif
}

Determining if the function pthread_create exists in the pthreads failed with the following output:
Change Dir: /home/primoz/faks/vspa/vaje/vaje2/cmake-build-debug/CMakeFiles/CMakeTmp

Run Build Command:"/usr/bin/make" "cmTC_9dbf8/fast"
/usr/bin/make -f CMakeFiles/cmTC_9dbf8.dir/build.make CMakeFiles/cmTC_9dbf8.dir/build
make[1]: Entering directory '/home/primoz/faks/vspa/vaje/vaje2/cmake-build-debug/CMakeFiles/CMakeTmp'
Building C object CMakeFiles/cmTC_9dbf8.dir/CheckFunctionExists.c.o
/usr/bin/cc   -DCHECK_FUNCTION_EXISTS=pthread_create   -std=gnu99 -o CMakeFiles/cmTC_9dbf8.dir/CheckFunctionExists.c.o   -c /home/primoz/Downloads/CLion-2017.2.3/clion-2017.2.3/bin/cmake/share/cmake-3.8/Modules/CheckFunctionExists.c
Linking C executable cmTC_9dbf8
/home/primoz/Downloads/CLion-2017.2.3/clion-2017.2.3/bin/cmake/bin/cmake -E cmake_link_script CMakeFiles/cmTC_9dbf8.dir/link.txt --verbose=1
/usr/bin/cc  -DCHECK_FUNCTION_EXISTS=pthread_create    CMakeFiles/cmTC_9dbf8.dir/CheckFunctionExists.c.o  -o cmTC_9dbf8 -lpthreads 
/usr/bin/ld: cannot find -lpthreads
collect2: error: ld returned 1 exit status
CMakeFiles/cmTC_9dbf8.dir/build.make:97: recipe for target 'cmTC_9dbf8' failed
make[1]: *** [cmTC_9dbf8] Error 1
make[1]: Leaving directory '/home/primoz/faks/vspa/vaje/vaje2/cmake-build-debug/CMakeFiles/CMakeTmp'
Makefile:126: recipe for target 'cmTC_9dbf8/fast' failed
make: *** [cmTC_9dbf8/fast] Error 2


