Determining if the pthread_create exist failed with the following output:
Change Dir: /home/primoz/faks/vspa/vaje/untitled/cmake-build-debug/CMakeFiles/CMakeTmp

Run Build Command:"/usr/bin/make" "cmTC_5263b/fast"
/usr/bin/make -f CMakeFiles/cmTC_5263b.dir/build.make CMakeFiles/cmTC_5263b.dir/build
make[1]: Entering directory '/home/primoz/faks/vspa/vaje/untitled/cmake-build-debug/CMakeFiles/CMakeTmp'
Building C object CMakeFiles/cmTC_5263b.dir/CheckSymbolExists.c.o
/usr/bin/cc    -o CMakeFiles/cmTC_5263b.dir/CheckSymbolExists.c.o   -c /home/primoz/faks/vspa/vaje/untitled/cmake-build-debug/CMakeFiles/CMakeTmp/CheckSymbolExists.c
Linking C executable cmTC_5263b
/home/primoz/Downloads/CLion-2017.2.3/clion-2017.2.3/bin/cmake/bin/cmake -E cmake_link_script CMakeFiles/cmTC_5263b.dir/link.txt --verbose=1
/usr/bin/cc      CMakeFiles/cmTC_5263b.dir/CheckSymbolExists.c.o  -o cmTC_5263b 
CMakeFiles/cmTC_5263b.dir/CheckSymbolExists.c.o: In function `main':
CheckSymbolExists.c:(.text+0x1b): undefined reference to `pthread_create'
collect2: error: ld returned 1 exit status
CMakeFiles/cmTC_5263b.dir/build.make:97: recipe for target 'cmTC_5263b' failed
make[1]: *** [cmTC_5263b] Error 1
make[1]: Leaving directory '/home/primoz/faks/vspa/vaje/untitled/cmake-build-debug/CMakeFiles/CMakeTmp'
Makefile:126: recipe for target 'cmTC_5263b/fast' failed
make: *** [cmTC_5263b/fast] Error 2

File /home/primoz/faks/vspa/vaje/untitled/cmake-build-debug/CMakeFiles/CMakeTmp/CheckSymbolExists.c:
/* */
#include <pthread.h>

int main(int argc, char** argv)
{
  (void)argv;
#ifndef pthread_create
  return ((int*)(&pthread_create))[argc];
#else
  (void)argc;
  return 0;
#endif
}

Determining if the function pthread_create exists in the pthreads failed with the following output:
Change Dir: /home/primoz/faks/vspa/vaje/untitled/cmake-build-debug/CMakeFiles/CMakeTmp

Run Build Command:"/usr/bin/make" "cmTC_28a6e/fast"
/usr/bin/make -f CMakeFiles/cmTC_28a6e.dir/build.make CMakeFiles/cmTC_28a6e.dir/build
make[1]: Entering directory '/home/primoz/faks/vspa/vaje/untitled/cmake-build-debug/CMakeFiles/CMakeTmp'
Building C object CMakeFiles/cmTC_28a6e.dir/CheckFunctionExists.c.o
/usr/bin/cc   -DCHECK_FUNCTION_EXISTS=pthread_create   -o CMakeFiles/cmTC_28a6e.dir/CheckFunctionExists.c.o   -c /home/primoz/Downloads/CLion-2017.2.3/clion-2017.2.3/bin/cmake/share/cmake-3.8/Modules/CheckFunctionExists.c
Linking C executable cmTC_28a6e
/home/primoz/Downloads/CLion-2017.2.3/clion-2017.2.3/bin/cmake/bin/cmake -E cmake_link_script CMakeFiles/cmTC_28a6e.dir/link.txt --verbose=1
/usr/bin/cc  -DCHECK_FUNCTION_EXISTS=pthread_create    CMakeFiles/cmTC_28a6e.dir/CheckFunctionExists.c.o  -o cmTC_28a6e -lpthreads 
/usr/bin/ld: cannot find -lpthreads
collect2: error: ld returned 1 exit status
CMakeFiles/cmTC_28a6e.dir/build.make:97: recipe for target 'cmTC_28a6e' failed
make[1]: *** [cmTC_28a6e] Error 1
make[1]: Leaving directory '/home/primoz/faks/vspa/vaje/untitled/cmake-build-debug/CMakeFiles/CMakeTmp'
Makefile:126: recipe for target 'cmTC_28a6e/fast' failed
make: *** [cmTC_28a6e/fast] Error 2


